  [1m[36m (2157.9ms)[0m  [1mCREATE DATABASE "assaillants_development" ENCODING = 'unicode'[0m
  [1m[36m (37.0ms)[0m  [1mCREATE TABLE "schema_migrations" ("version" character varying NOT NULL) [0m
  [1m[35m (2.4ms)[0m  CREATE UNIQUE INDEX  "unique_schema_migrations" ON "schema_migrations"  ("version")
  [1m[36mActiveRecord::SchemaMigration Load (0.5ms)[0m  [1mSELECT "schema_migrations".* FROM "schema_migrations"[0m
Migrating to CreateArticles (20160218102727)
  [1m[35m (0.2ms)[0m  BEGIN
  [1m[36m (21.3ms)[0m  [1mCREATE TABLE "articles" ("id" serial primary key, "title" character varying, "body" text, "created_at" timestamp NOT NULL, "updated_at" timestamp NOT NULL) [0m
  [1m[35mSQL (0.5ms)[0m  INSERT INTO "schema_migrations" ("version") VALUES ($1)  [["version", "20160218102727"]]
  [1m[36m (16.1ms)[0m  [1mCOMMIT[0m
  [1m[35mActiveRecord::SchemaMigration Load (0.3ms)[0m  SELECT "schema_migrations".* FROM "schema_migrations"
  [1m[36m (4.3ms)[0m  [1mSELECT t2.oid::regclass::text AS to_table, a1.attname AS column, a2.attname AS primary_key, c.conname AS name, c.confupdtype AS on_update, c.confdeltype AS on_delete
FROM pg_constraint c
JOIN pg_class t1 ON c.conrelid = t1.oid
JOIN pg_class t2 ON c.confrelid = t2.oid
JOIN pg_attribute a1 ON a1.attnum = c.conkey[1] AND a1.attrelid = t1.oid
JOIN pg_attribute a2 ON a2.attnum = c.confkey[1] AND a2.attrelid = t2.oid
JOIN pg_namespace t3 ON c.connamespace = t3.oid
WHERE c.contype = 'f'
  AND t1.relname = 'articles'
  AND t3.nspname = ANY (current_schemas(false))
ORDER BY c.conname
[0m


Started GET "/" for ::1 at 2016-02-18 11:30:23 +0100
  [1m[36mActiveRecord::SchemaMigration Load (0.6ms)[0m  [1mSELECT "schema_migrations".* FROM "schema_migrations"[0m
Processing by Rails::WelcomeController#index as HTML
  Rendered /Users/georgesferrenbach/.rbenv/versions/2.3.0/lib/ruby/gems/2.3.0/gems/railties-4.2.5.1/lib/rails/templates/rails/welcome/index.html.erb (18.6ms)
Completed 200 OK in 217ms (Views: 170.6ms | ActiveRecord: 0.0ms)


Started GET "/" for ::1 at 2016-02-18 11:30:27 +0100
Processing by Rails::WelcomeController#index as HTML
  Rendered /Users/georgesferrenbach/.rbenv/versions/2.3.0/lib/ruby/gems/2.3.0/gems/railties-4.2.5.1/lib/rails/templates/rails/welcome/index.html.erb (0.1ms)
Completed 200 OK in 4ms (Views: 3.1ms | ActiveRecord: 0.0ms)


Started GET "/ask" for ::1 at 2016-02-18 11:30:28 +0100

ActionController::RoutingError (No route matches [GET] "/ask"):
  actionpack (4.2.5.1) lib/action_dispatch/middleware/debug_exceptions.rb:21:in `call'
  web-console (2.3.0) lib/web_console/middleware.rb:28:in `block in call'
  web-console (2.3.0) lib/web_console/middleware.rb:18:in `catch'
  web-console (2.3.0) lib/web_console/middleware.rb:18:in `call'
  actionpack (4.2.5.1) lib/action_dispatch/middleware/show_exceptions.rb:30:in `call'
  railties (4.2.5.1) lib/rails/rack/logger.rb:38:in `call_app'
  railties (4.2.5.1) lib/rails/rack/logger.rb:20:in `block in call'
  activesupport (4.2.5.1) lib/active_support/tagged_logging.rb:68:in `block in tagged'
  activesupport (4.2.5.1) lib/active_support/tagged_logging.rb:26:in `tagged'
  activesupport (4.2.5.1) lib/active_support/tagged_logging.rb:68:in `tagged'
  railties (4.2.5.1) lib/rails/rack/logger.rb:20:in `call'
  actionpack (4.2.5.1) lib/action_dispatch/middleware/request_id.rb:21:in `call'
  rack (1.6.4) lib/rack/methodoverride.rb:22:in `call'
  rack (1.6.4) lib/rack/runtime.rb:18:in `call'
  activesupport (4.2.5.1) lib/active_support/cache/strategy/local_cache_middleware.rb:28:in `call'
  rack (1.6.4) lib/rack/lock.rb:17:in `call'
  actionpack (4.2.5.1) lib/action_dispatch/middleware/static.rb:116:in `call'
  rack (1.6.4) lib/rack/sendfile.rb:113:in `call'
  railties (4.2.5.1) lib/rails/engine.rb:518:in `call'
  railties (4.2.5.1) lib/rails/application.rb:165:in `call'
  rack (1.6.4) lib/rack/lock.rb:17:in `call'
  rack (1.6.4) lib/rack/content_length.rb:15:in `call'
  rack (1.6.4) lib/rack/handler/webrick.rb:88:in `service'
  /Users/georgesferrenbach/.rbenv/versions/2.3.0/lib/ruby/2.3.0/webrick/httpserver.rb:140:in `service'
  /Users/georgesferrenbach/.rbenv/versions/2.3.0/lib/ruby/2.3.0/webrick/httpserver.rb:96:in `run'
  /Users/georgesferrenbach/.rbenv/versions/2.3.0/lib/ruby/2.3.0/webrick/server.rb:296:in `block in start_thread'


  Rendered /Users/georgesferrenbach/.rbenv/versions/2.3.0/lib/ruby/gems/2.3.0/gems/actionpack-4.2.5.1/lib/action_dispatch/middleware/templates/rescues/_trace.html.erb (2.3ms)
  Rendered /Users/georgesferrenbach/.rbenv/versions/2.3.0/lib/ruby/gems/2.3.0/gems/actionpack-4.2.5.1/lib/action_dispatch/middleware/templates/routes/_route.html.erb (3.0ms)
  Rendered /Users/georgesferrenbach/.rbenv/versions/2.3.0/lib/ruby/gems/2.3.0/gems/actionpack-4.2.5.1/lib/action_dispatch/middleware/templates/routes/_table.html.erb (39.9ms)
  Rendered /Users/georgesferrenbach/.rbenv/versions/2.3.0/lib/ruby/gems/2.3.0/gems/actionpack-4.2.5.1/lib/action_dispatch/middleware/templates/rescues/_request_and_response.html.erb (4.6ms)
  Rendered /Users/georgesferrenbach/.rbenv/versions/2.3.0/lib/ruby/gems/2.3.0/gems/actionpack-4.2.5.1/lib/action_dispatch/middleware/templates/rescues/routing_error.html.erb within rescues/layout (225.2ms)
  Rendered /Users/georgesferrenbach/.rbenv/versions/2.3.0/lib/ruby/gems/2.3.0/gems/web-console-2.3.0/lib/web_console/templates/_markup.html.erb (0.9ms)
  Rendered /Users/georgesferrenbach/.rbenv/versions/2.3.0/lib/ruby/gems/2.3.0/gems/web-console-2.3.0/lib/web_console/templates/_inner_console_markup.html.erb within layouts/inlined_string (0.4ms)
  Rendered /Users/georgesferrenbach/.rbenv/versions/2.3.0/lib/ruby/gems/2.3.0/gems/web-console-2.3.0/lib/web_console/templates/_prompt_box_markup.html.erb within layouts/inlined_string (0.4ms)
  Rendered /Users/georgesferrenbach/.rbenv/versions/2.3.0/lib/ruby/gems/2.3.0/gems/web-console-2.3.0/lib/web_console/templates/style.css.erb within layouts/inlined_string (0.5ms)
  Rendered /Users/georgesferrenbach/.rbenv/versions/2.3.0/lib/ruby/gems/2.3.0/gems/web-console-2.3.0/lib/web_console/templates/console.js.erb within layouts/javascript (198.7ms)
  Rendered /Users/georgesferrenbach/.rbenv/versions/2.3.0/lib/ruby/gems/2.3.0/gems/web-console-2.3.0/lib/web_console/templates/main.js.erb within layouts/javascript (0.5ms)
  Rendered /Users/georgesferrenbach/.rbenv/versions/2.3.0/lib/ruby/gems/2.3.0/gems/web-console-2.3.0/lib/web_console/templates/error_page.js.erb within layouts/javascript (0.6ms)
  Rendered /Users/georgesferrenbach/.rbenv/versions/2.3.0/lib/ruby/gems/2.3.0/gems/web-console-2.3.0/lib/web_console/templates/index.html.erb (393.7ms)


Started GET "/articles" for ::1 at 2016-02-18 11:30:29 +0100
Processing by ArticlesController#index as HTML
  [1m[35mArticle Load (0.7ms)[0m  SELECT "articles".* FROM "articles"
  Rendered articles/index.html.erb within layouts/application (4.2ms)
Completed 200 OK in 2926ms (Views: 2921.3ms | ActiveRecord: 1.6ms)


Started GET "/assets/articles.self-e3b0c44298fc1c149afbf4c8996fb92427ae41e4649b934ca495991b7852b855.css?body=1" for ::1 at 2016-02-18 11:30:32 +0100


Started GET "/assets/scaffolds.self-9bce397cf52b40e240b08b176a2e4deba956747c70eb40be73501f68e1159ebc.css?body=1" for ::1 at 2016-02-18 11:30:32 +0100


Started GET "/assets/articles.self-877aef30ae1b040ab8a3aba4e3e309a11d7f2612f44dde450b5c157aa5f95c05.js?body=1" for ::1 at 2016-02-18 11:30:32 +0100


Started GET "/articles" for ::1 at 2016-02-18 11:31:23 +0100
Processing by ArticlesController#index as HTML
  [1m[36mArticle Load (0.4ms)[0m  [1mSELECT "articles".* FROM "articles"[0m
  Rendered articles/index.html.erb within layouts/application (3.2ms)
Completed 200 OK in 34ms (Views: 29.1ms | ActiveRecord: 1.2ms)


Started GET "/assets/articles.self-e3b0c44298fc1c149afbf4c8996fb92427ae41e4649b934ca495991b7852b855.css?body=1" for ::1 at 2016-02-18 11:31:23 +0100


Started GET "/assets/application.self-e80e8f2318043e8af94dddc2adad5a4f09739a8ebb323b3ab31cd71d45fd9113.css?body=1" for ::1 at 2016-02-18 11:31:23 +0100


Started GET "/assets/jquery.self-c64a74367bda6ef8b860f19e74df08927ca99d2be2ac934e9e92d5fd361e0da4.js?body=1" for ::1 at 2016-02-18 11:31:24 +0100


Started GET "/assets/scaffolds.self-9bce397cf52b40e240b08b176a2e4deba956747c70eb40be73501f68e1159ebc.css?body=1" for ::1 at 2016-02-18 11:31:24 +0100


Started GET "/assets/articles.self-877aef30ae1b040ab8a3aba4e3e309a11d7f2612f44dde450b5c157aa5f95c05.js?body=1" for ::1 at 2016-02-18 11:31:24 +0100


Started GET "/assets/jquery_ujs.self-d602bdfe68ffc63b9f9cc512872aa3cfff046228a0a36e90dd476e8ef54c1b09.js?body=1" for ::1 at 2016-02-18 11:31:24 +0100


Started GET "/assets/turbolinks.self-c37727e9bd6b2735da5c311aa83fead54ed0be6cc8bd9a65309e9c5abe2cbfff.js?body=1" for ::1 at 2016-02-18 11:31:24 +0100


Started GET "/assets/application.self-3b8dabdc891efe46b9a144b400ad69e37d7e5876bdc39dee783419a69d7ca819.js?body=1" for ::1 at 2016-02-18 11:31:24 +0100


Started GET "/articles" for ::1 at 2016-02-18 11:31:26 +0100
Processing by ArticlesController#index as HTML
  [1m[35mArticle Load (0.6ms)[0m  SELECT "articles".* FROM "articles"
  Rendered articles/index.html.erb within layouts/application (1.4ms)
Completed 200 OK in 24ms (Views: 22.3ms | ActiveRecord: 0.6ms)


Started GET "/" for ::1 at 2016-02-18 11:31:27 +0100
Processing by ArticlesController#index as HTML
  [1m[36mArticle Load (0.3ms)[0m  [1mSELECT "articles".* FROM "articles"[0m
  Rendered articles/index.html.erb within layouts/application (1.1ms)
Completed 200 OK in 21ms (Views: 19.9ms | ActiveRecord: 0.3ms)


Started GET "/" for ::1 at 2016-02-18 11:31:27 +0100
Processing by ArticlesController#index as HTML
  [1m[35mArticle Load (0.3ms)[0m  SELECT "articles".* FROM "articles"
  Rendered articles/index.html.erb within layouts/application (1.1ms)
Completed 200 OK in 23ms (Views: 22.2ms | ActiveRecord: 0.3ms)


Started GET "/" for ::1 at 2016-02-18 11:31:30 +0100
Processing by ArticlesController#index as HTML
  [1m[36mArticle Load (0.4ms)[0m  [1mSELECT "articles".* FROM "articles"[0m
  Rendered articles/index.html.erb within layouts/application (1.4ms)
Completed 200 OK in 29ms (Views: 28.1ms | ActiveRecord: 0.4ms)


Started GET "/" for ::1 at 2016-02-18 11:31:31 +0100
Processing by ArticlesController#index as HTML
  [1m[35mArticle Load (0.3ms)[0m  SELECT "articles".* FROM "articles"
  Rendered articles/index.html.erb within layouts/application (1.1ms)
Completed 200 OK in 23ms (Views: 22.0ms | ActiveRecord: 0.3ms)


Started GET "/assets/articles.self-e3b0c44298fc1c149afbf4c8996fb92427ae41e4649b934ca495991b7852b855.css?body=1" for ::1 at 2016-02-18 11:31:31 +0100


Started GET "/assets/jquery.self-c64a74367bda6ef8b860f19e74df08927ca99d2be2ac934e9e92d5fd361e0da4.js?body=1" for ::1 at 2016-02-18 11:31:31 +0100


Started GET "/assets/jquery_ujs.self-d602bdfe68ffc63b9f9cc512872aa3cfff046228a0a36e90dd476e8ef54c1b09.js?body=1" for ::1 at 2016-02-18 11:31:31 +0100


Started GET "/assets/turbolinks.self-c37727e9bd6b2735da5c311aa83fead54ed0be6cc8bd9a65309e9c5abe2cbfff.js?body=1" for ::1 at 2016-02-18 11:31:31 +0100


Started GET "/assets/scaffolds.self-9bce397cf52b40e240b08b176a2e4deba956747c70eb40be73501f68e1159ebc.css?body=1" for ::1 at 2016-02-18 11:31:31 +0100


Started GET "/assets/application.self-e80e8f2318043e8af94dddc2adad5a4f09739a8ebb323b3ab31cd71d45fd9113.css?body=1" for ::1 at 2016-02-18 11:31:31 +0100


Started GET "/assets/articles.self-877aef30ae1b040ab8a3aba4e3e309a11d7f2612f44dde450b5c157aa5f95c05.js?body=1" for ::1 at 2016-02-18 11:31:31 +0100


Started GET "/assets/application.self-3b8dabdc891efe46b9a144b400ad69e37d7e5876bdc39dee783419a69d7ca819.js?body=1" for ::1 at 2016-02-18 11:31:31 +0100
